java.lang.NullPointerException: Cannot invoke "com.googlecode.lanterna.TextCharacter.isDoubleWidth()" because the return value of "com.googlecode.lanterna.screen.ScreenBuffer.getCharacterAt(com.googlecode.lanterna.TerminalPosition)" is null
	at com.googlecode.lanterna.screen.TerminalScreen.refresh(TerminalScreen.java:155)
	at com.googlecode.lanterna.screen.AbstractScreen.refresh(AbstractScreen.java:179)
	at io.github.sainttheana.FrameTerminalScreen.refreshInternal(FrameTerminalScreen.java:395)
	at io.github.sainttheana.FrameTerminalScreen$1.run(FrameTerminalScreen.java:386)
	at java.base/java.lang.Thread.run(Thread.java:833)
java.lang.NullPointerException: Cannot invoke "com.googlecode.lanterna.TextCharacter.isDoubleWidth()" because the return value of "com.googlecode.lanterna.screen.ScreenBuffer.getCharacterAt(com.googlecode.lanterna.TerminalPosition)" is null
	at com.googlecode.lanterna.screen.TerminalScreen.refresh(TerminalScreen.java:155)
	at com.googlecode.lanterna.screen.AbstractScreen.refresh(AbstractScreen.java:179)
	at io.github.sainttheana.FrameTerminalScreen.refreshInternal(FrameTerminalScreen.java:395)
	at io.github.sainttheana.FrameTerminalScreen$1.run(FrameTerminalScreen.java:386)
	at java.base/java.lang.Thread.run(Thread.java:833)
java.lang.NullPointerException: Cannot invoke "com.googlecode.lanterna.TextCharacter.isDoubleWidth()" because the return value of "com.googlecode.lanterna.screen.ScreenBuffer.getCharacterAt(com.googlecode.lanterna.TerminalPosition)" is null
	at com.googlecode.lanterna.screen.TerminalScreen.refresh(TerminalScreen.java:155)
	at com.googlecode.lanterna.screen.AbstractScreen.refresh(AbstractScreen.java:179)
	at io.github.sainttheana.FrameTerminalScreen.refreshInternal(FrameTerminalScreen.java:395)
	at io.github.sainttheana.FrameTerminalScreen$1.run(FrameTerminalScreen.java:386)
	at java.base/java.lang.Thread.run(Thread.java:833)
java.lang.NullPointerException: Cannot invoke "com.googlecode.lanterna.TextCharacter.isDoubleWidth()" because the return value of "com.googlecode.lanterna.screen.ScreenBuffer.getCharacterAt(com.googlecode.lanterna.TerminalPosition)" is null
	at com.googlecode.lanterna.screen.TerminalScreen.refresh(TerminalScreen.java:155)
	at com.googlecode.lanterna.screen.AbstractScreen.refresh(AbstractScreen.java:179)
	at io.github.sainttheana.FrameTerminalScreen.refreshInternal(FrameTerminalScreen.java:395)
	at io.github.sainttheana.FrameTerminalScreen$1.run(FrameTerminalScreen.java:386)
	at java.base/java.lang.Thread.run(Thread.java:833)
java.lang.NullPointerException: Cannot invoke "com.googlecode.lanterna.TextCharacter.isDoubleWidth()" because the return value of "com.googlecode.lanterna.screen.ScreenBuffer.getCharacterAt(com.googlecode.lanterna.TerminalPosition)" is null
	at com.googlecode.lanterna.screen.TerminalScreen.refresh(TerminalScreen.java:155)
	at com.googlecode.lanterna.screen.AbstractScreen.refresh(AbstractScreen.java:179)
	at io.github.sainttheana.FrameTerminalScreen.refreshInternal(FrameTerminalScreen.java:395)
	at io.github.sainttheana.FrameTerminalScreen$1.run(FrameTerminalScreen.java:386)
	at java.base/java.lang.Thread.run(Thread.java:833)
java.lang.NullPointerException: Cannot invoke "com.googlecode.lanterna.TextCharacter.isDoubleWidth()" because the return value of "com.googlecode.lanterna.screen.ScreenBuffer.getCharacterAt(com.googlecode.lanterna.TerminalPosition)" is null
	at com.googlecode.lanterna.screen.TerminalScreen.refresh(TerminalScreen.java:155)
	at com.googlecode.lanterna.screen.AbstractScreen.refresh(AbstractScreen.java:179)
	at io.github.sainttheana.FrameTerminalScreen.refreshInternal(FrameTerminalScreen.java:395)
	at io.github.sainttheana.FrameTerminalScreen$1.run(FrameTerminalScreen.java:386)
	at java.base/java.lang.Thread.run(Thread.java:833)
java.lang.NullPointerException: Cannot invoke "com.googlecode.lanterna.TextCharacter.isDoubleWidth()" because the return value of "com.googlecode.lanterna.screen.ScreenBuffer.getCharacterAt(com.googlecode.lanterna.TerminalPosition)" is null
	at com.googlecode.lanterna.screen.TerminalScreen.refresh(TerminalScreen.java:155)
	at com.googlecode.lanterna.screen.AbstractScreen.refresh(AbstractScreen.java:179)
	at io.github.sainttheana.FrameTerminalScreen.refreshInternal(FrameTerminalScreen.java:395)
	at io.github.sainttheana.FrameTerminalScreen$1.run(FrameTerminalScreen.java:386)
	at java.base/java.lang.Thread.run(Thread.java:833)
java.lang.NullPointerException: Cannot invoke "com.googlecode.lanterna.TextCharacter.isDoubleWidth()" because the return value of "com.googlecode.lanterna.screen.ScreenBuffer.getCharacterAt(com.googlecode.lanterna.TerminalPosition)" is null
	at com.googlecode.lanterna.screen.TerminalScreen.refresh(TerminalScreen.java:155)
	at com.googlecode.lanterna.screen.AbstractScreen.refresh(AbstractScreen.java:179)
	at io.github.sainttheana.FrameTerminalScreen.refreshInternal(FrameTerminalScreen.java:395)
	at io.github.sainttheana.FrameTerminalScreen$1.run(FrameTerminalScreen.java:386)
	at java.base/java.lang.Thread.run(Thread.java:833)
java.lang.NullPointerException: Cannot invoke "com.googlecode.lanterna.TextCharacter.isDoubleWidth()" because the return value of "com.googlecode.lanterna.screen.ScreenBuffer.getCharacterAt(com.googlecode.lanterna.TerminalPosition)" is null
	at com.googlecode.lanterna.screen.TerminalScreen.refresh(TerminalScreen.java:155)
	at com.googlecode.lanterna.screen.AbstractScreen.refresh(AbstractScreen.java:179)
	at io.github.sainttheana.FrameTerminalScreen.refreshInternal(FrameTerminalScreen.java:395)
	at io.github.sainttheana.FrameTerminalScreen$1.run(FrameTerminalScreen.java:386)
	at java.base/java.lang.Thread.run(Thread.java:833)
java.lang.NullPointerException: Cannot invoke "com.googlecode.lanterna.TextCharacter.isDoubleWidth()" because the return value of "com.googlecode.lanterna.screen.ScreenBuffer.getCharacterAt(com.googlecode.lanterna.TerminalPosition)" is null
	at com.googlecode.lanterna.screen.TerminalScreen.refresh(TerminalScreen.java:155)
	at com.googlecode.lanterna.screen.AbstractScreen.refresh(AbstractScreen.java:179)
	at io.github.sainttheana.FrameTerminalScreen.refreshInternal(FrameTerminalScreen.java:395)
	at io.github.sainttheana.FrameTerminalScreen$1.run(FrameTerminalScreen.java:386)
	at java.base/java.lang.Thread.run(Thread.java:833)
java.lang.NullPointerException: Cannot invoke "com.googlecode.lanterna.TextCharacter.isDoubleWidth()" because the return value of "com.googlecode.lanterna.screen.ScreenBuffer.getCharacterAt(com.googlecode.lanterna.TerminalPosition)" is null
	at com.googlecode.lanterna.screen.TerminalScreen.refresh(TerminalScreen.java:155)
	at com.googlecode.lanterna.screen.AbstractScreen.refresh(AbstractScreen.java:179)
	at io.github.sainttheana.FrameTerminalScreen.refreshInternal(FrameTerminalScreen.java:395)
	at io.github.sainttheana.FrameTerminalScreen$1.run(FrameTerminalScreen.java:386)
	at java.base/java.lang.Thread.run(Thread.java:833)
java.lang.NullPointerException: Cannot invoke "com.googlecode.lanterna.TextCharacter.isDoubleWidth()" because the return value of "com.googlecode.lanterna.screen.ScreenBuffer.getCharacterAt(com.googlecode.lanterna.TerminalPosition)" is null
	at com.googlecode.lanterna.screen.TerminalScreen.refresh(TerminalScreen.java:155)
	at com.googlecode.lanterna.screen.AbstractScreen.refresh(AbstractScreen.java:179)
	at io.github.sainttheana.FrameTerminalScreen.refreshInternal(FrameTerminalScreen.java:395)
	at io.github.sainttheana.FrameTerminalScreen$1.run(FrameTerminalScreen.java:386)
	at java.base/java.lang.Thread.run(Thread.java:833)
java.lang.NullPointerException: Cannot invoke "com.googlecode.lanterna.TextCharacter.isDoubleWidth()" because the return value of "com.googlecode.lanterna.screen.ScreenBuffer.getCharacterAt(com.googlecode.lanterna.TerminalPosition)" is null
	at com.googlecode.lanterna.screen.TerminalScreen.refresh(TerminalScreen.java:155)
	at com.googlecode.lanterna.screen.AbstractScreen.refresh(AbstractScreen.java:179)
	at io.github.sainttheana.FrameTerminalScreen.refreshInternal(FrameTerminalScreen.java:395)
	at io.github.sainttheana.FrameTerminalScreen$1.run(FrameTerminalScreen.java:386)
	at java.base/java.lang.Thread.run(Thread.java:833)
java.lang.NullPointerException: Cannot invoke "com.googlecode.lanterna.TextCharacter.isDoubleWidth()" because the return value of "com.googlecode.lanterna.screen.ScreenBuffer.getCharacterAt(com.googlecode.lanterna.TerminalPosition)" is null
	at com.googlecode.lanterna.screen.TerminalScreen.refresh(TerminalScreen.java:155)
	at com.googlecode.lanterna.screen.AbstractScreen.refresh(AbstractScreen.java:179)
	at io.github.sainttheana.FrameTerminalScreen.refreshInternal(FrameTerminalScreen.java:395)
	at io.github.sainttheana.FrameTerminalScreen$1.run(FrameTerminalScreen.java:386)
	at java.base/java.lang.Thread.run(Thread.java:833)
java.lang.NullPointerException: Cannot invoke "com.googlecode.lanterna.TextCharacter.isDoubleWidth()" because the return value of "com.googlecode.lanterna.screen.ScreenBuffer.getCharacterAt(com.googlecode.lanterna.TerminalPosition)" is null
	at com.googlecode.lanterna.screen.TerminalScreen.refresh(TerminalScreen.java:155)
	at com.googlecode.lanterna.screen.AbstractScreen.refresh(AbstractScreen.java:179)
	at io.github.sainttheana.FrameTerminalScreen.refreshInternal(FrameTerminalScreen.java:395)
	at io.github.sainttheana.FrameTerminalScreen$1.run(FrameTerminalScreen.java:386)
	at java.base/java.lang.Thread.run(Thread.java:833)
java.lang.NullPointerException: Cannot invoke "com.googlecode.lanterna.TextCharacter.isDoubleWidth()" because the return value of "com.googlecode.lanterna.screen.ScreenBuffer.getCharacterAt(com.googlecode.lanterna.TerminalPosition)" is null
	at com.googlecode.lanterna.screen.TerminalScreen.refresh(TerminalScreen.java:155)
	at com.googlecode.lanterna.screen.AbstractScreen.refresh(AbstractScreen.java:179)
	at io.github.sainttheana.FrameTerminalScreen.refreshInternal(FrameTerminalScreen.java:395)
	at io.github.sainttheana.FrameTerminalScreen$1.run(FrameTerminalScreen.java:386)
	at java.base/java.lang.Thread.run(Thread.java:833)
java.lang.NullPointerException: Cannot invoke "com.googlecode.lanterna.TextCharacter.isDoubleWidth()" because the return value of "com.googlecode.lanterna.screen.ScreenBuffer.getCharacterAt(com.googlecode.lanterna.TerminalPosition)" is null
	at com.googlecode.lanterna.screen.TerminalScreen.refresh(TerminalScreen.java:155)
	at com.googlecode.lanterna.screen.AbstractScreen.refresh(AbstractScreen.java:179)
	at io.github.sainttheana.FrameTerminalScreen.refreshInternal(FrameTerminalScreen.java:395)
	at io.github.sainttheana.FrameTerminalScreen$1.run(FrameTerminalScreen.java:386)
	at java.base/java.lang.Thread.run(Thread.java:833)
java.lang.NullPointerException: Cannot invoke "com.googlecode.lanterna.TextCharacter.isDoubleWidth()" because the return value of "com.googlecode.lanterna.screen.ScreenBuffer.getCharacterAt(com.googlecode.lanterna.TerminalPosition)" is null
	at com.googlecode.lanterna.screen.TerminalScreen.refresh(TerminalScreen.java:155)
	at com.googlecode.lanterna.screen.AbstractScreen.refresh(AbstractScreen.java:179)
	at io.github.sainttheana.FrameTerminalScreen.refreshInternal(FrameTerminalScreen.java:395)
	at io.github.sainttheana.FrameTerminalScreen$1.run(FrameTerminalScreen.java:386)
	at java.base/java.lang.Thread.run(Thread.java:833)
java.lang.NullPointerException: Cannot invoke "com.googlecode.lanterna.TextCharacter.isDoubleWidth()" because the return value of "com.googlecode.lanterna.screen.ScreenBuffer.getCharacterAt(com.googlecode.lanterna.TerminalPosition)" is null
	at com.googlecode.lanterna.screen.TerminalScreen.refresh(TerminalScreen.java:155)
	at com.googlecode.lanterna.screen.AbstractScreen.refresh(AbstractScreen.java:179)
	at io.github.sainttheana.FrameTerminalScreen.refreshInternal(FrameTerminalScreen.java:395)
	at io.github.sainttheana.FrameTerminalScreen$1.run(FrameTerminalScreen.java:386)
	at java.base/java.lang.Thread.run(Thread.java:833)
java.lang.NullPointerException: Cannot invoke "com.googlecode.lanterna.TextCharacter.isDoubleWidth()" because the return value of "com.googlecode.lanterna.screen.ScreenBuffer.getCharacterAt(com.googlecode.lanterna.TerminalPosition)" is null
	at com.googlecode.lanterna.screen.TerminalScreen.refresh(TerminalScreen.java:155)
	at com.googlecode.lanterna.screen.AbstractScreen.refresh(AbstractScreen.java:179)
	at io.github.sainttheana.FrameTerminalScreen.refreshInternal(FrameTerminalScreen.java:395)
	at io.github.sainttheana.FrameTerminalScreen$1.run(FrameTerminalScreen.java:386)
	at java.base/java.lang.Thread.run(Thread.java:833)
java.lang.NullPointerException: Cannot invoke "com.googlecode.lanterna.TextCharacter.isDoubleWidth()" because the return value of "com.googlecode.lanterna.screen.ScreenBuffer.getCharacterAt(com.googlecode.lanterna.TerminalPosition)" is null
	at com.googlecode.lanterna.screen.TerminalScreen.refresh(TerminalScreen.java:155)
	at com.googlecode.lanterna.screen.AbstractScreen.refresh(AbstractScreen.java:179)
	at io.github.sainttheana.FrameTerminalScreen.refreshInternal(FrameTerminalScreen.java:395)
	at io.github.sainttheana.FrameTerminalScreen$1.run(FrameTerminalScreen.java:386)
	at java.base/java.lang.Thread.run(Thread.java:833)
java.lang.NullPointerException: Cannot invoke "com.googlecode.lanterna.TextCharacter.isDoubleWidth()" because the return value of "com.googlecode.lanterna.screen.ScreenBuffer.getCharacterAt(com.googlecode.lanterna.TerminalPosition)" is null
	at com.googlecode.lanterna.screen.TerminalScreen.refresh(TerminalScreen.java:155)
	at com.googlecode.lanterna.screen.AbstractScreen.refresh(AbstractScreen.java:179)
	at io.github.sainttheana.FrameTerminalScreen.refreshInternal(FrameTerminalScreen.java:395)
	at io.github.sainttheana.FrameTerminalScreen$1.run(FrameTerminalScreen.java:386)
	at java.base/java.lang.Thread.run(Thread.java:833)
java.lang.NullPointerException: Cannot invoke "com.googlecode.lanterna.TextCharacter.isDoubleWidth()" because the return value of "com.googlecode.lanterna.screen.ScreenBuffer.getCharacterAt(com.googlecode.lanterna.TerminalPosition)" is null
	at com.googlecode.lanterna.screen.TerminalScreen.refresh(TerminalScreen.java:155)
	at com.googlecode.lanterna.screen.AbstractScreen.refresh(AbstractScreen.java:179)
	at io.github.sainttheana.FrameTerminalScreen.refreshInternal(FrameTerminalScreen.java:395)
	at io.github.sainttheana.FrameTerminalScreen$1.run(FrameTerminalScreen.java:386)
	at java.base/java.lang.Thread.run(Thread.java:833)
java.lang.NullPointerException: Cannot invoke "com.googlecode.lanterna.TextCharacter.isDoubleWidth()" because the return value of "com.googlecode.lanterna.screen.ScreenBuffer.getCharacterAt(com.googlecode.lanterna.TerminalPosition)" is null
	at com.googlecode.lanterna.screen.TerminalScreen.refresh(TerminalScreen.java:155)
	at com.googlecode.lanterna.screen.AbstractScreen.refresh(AbstractScreen.java:179)
	at io.github.sainttheana.FrameTerminalScreen.refreshInternal(FrameTerminalScreen.java:395)
	at io.github.sainttheana.FrameTerminalScreen$1.run(FrameTerminalScreen.java:386)
	at java.base/java.lang.Thread.run(Thread.java:833)
java.lang.NullPointerException: Cannot invoke "com.googlecode.lanterna.TextCharacter.isDoubleWidth()" because the return value of "com.googlecode.lanterna.screen.ScreenBuffer.getCharacterAt(com.googlecode.lanterna.TerminalPosition)" is null
	at com.googlecode.lanterna.screen.TerminalScreen.refresh(TerminalScreen.java:155)
	at com.googlecode.lanterna.screen.AbstractScreen.refresh(AbstractScreen.java:179)
	at io.github.sainttheana.FrameTerminalScreen.refreshInternal(FrameTerminalScreen.java:395)
	at io.github.sainttheana.FrameTerminalScreen$1.run(FrameTerminalScreen.java:386)
	at java.base/java.lang.Thread.run(Thread.java:833)
java.lang.NullPointerException: Cannot invoke "com.googlecode.lanterna.TextCharacter.isDoubleWidth()" because the return value of "com.googlecode.lanterna.screen.ScreenBuffer.getCharacterAt(com.googlecode.lanterna.TerminalPosition)" is null
	at com.googlecode.lanterna.screen.TerminalScreen.refresh(TerminalScreen.java:155)
	at com.googlecode.lanterna.screen.AbstractScreen.refresh(AbstractScreen.java:179)
	at io.github.sainttheana.FrameTerminalScreen.refreshInternal(FrameTerminalScreen.java:395)
	at io.github.sainttheana.FrameTerminalScreen$1.run(FrameTerminalScreen.java:386)
	at java.base/java.lang.Thread.run(Thread.java:833)
java.lang.NullPointerException: Cannot invoke "com.googlecode.lanterna.TextCharacter.isDoubleWidth()" because the return value of "com.googlecode.lanterna.screen.ScreenBuffer.getCharacterAt(com.googlecode.lanterna.TerminalPosition)" is null
	at com.googlecode.lanterna.screen.TerminalScreen.refresh(TerminalScreen.java:155)
	at com.googlecode.lanterna.screen.AbstractScreen.refresh(AbstractScreen.java:179)
	at io.github.sainttheana.FrameTerminalScreen.refreshInternal(FrameTerminalScreen.java:395)
	at io.github.sainttheana.FrameTerminalScreen$1.run(FrameTerminalScreen.java:386)
	at java.base/java.lang.Thread.run(Thread.java:833)
java.lang.NullPointerException: Cannot invoke "com.googlecode.lanterna.TextCharacter.isDoubleWidth()" because the return value of "com.googlecode.lanterna.screen.ScreenBuffer.getCharacterAt(com.googlecode.lanterna.TerminalPosition)" is null
	at com.googlecode.lanterna.screen.TerminalScreen.refresh(TerminalScreen.java:155)
	at com.googlecode.lanterna.screen.AbstractScreen.refresh(AbstractScreen.java:179)
	at io.github.sainttheana.FrameTerminalScreen.refreshInternal(FrameTerminalScreen.java:395)
	at io.github.sainttheana.FrameTerminalScreen$1.run(FrameTerminalScreen.java:386)
	at java.base/java.lang.Thread.run(Thread.java:833)
java.lang.NullPointerException: Cannot invoke "com.googlecode.lanterna.TextCharacter.isDoubleWidth()" because the return value of "com.googlecode.lanterna.screen.ScreenBuffer.getCharacterAt(com.googlecode.lanterna.TerminalPosition)" is null
	at com.googlecode.lanterna.screen.TerminalScreen.refresh(TerminalScreen.java:155)
	at com.googlecode.lanterna.screen.AbstractScreen.refresh(AbstractScreen.java:179)
	at io.github.sainttheana.FrameTerminalScreen.refreshInternal(FrameTerminalScreen.java:395)
	at io.github.sainttheana.FrameTerminalScreen$1.run(FrameTerminalScreen.java:386)
	at java.base/java.lang.Thread.run(Thread.java:833)
java.lang.NullPointerException: Cannot invoke "com.googlecode.lanterna.TextCharacter.isDoubleWidth()" because the return value of "com.googlecode.lanterna.screen.ScreenBuffer.getCharacterAt(com.googlecode.lanterna.TerminalPosition)" is null
	at com.googlecode.lanterna.screen.TerminalScreen.refresh(TerminalScreen.java:155)
	at com.googlecode.lanterna.screen.AbstractScreen.refresh(AbstractScreen.java:179)
	at io.github.sainttheana.FrameTerminalScreen.refreshInternal(FrameTerminalScreen.java:395)
	at io.github.sainttheana.FrameTerminalScreen$1.run(FrameTerminalScreen.java:386)
	at java.base/java.lang.Thread.run(Thread.java:833)
java.lang.NullPointerException: Cannot invoke "com.googlecode.lanterna.TextCharacter.isDoubleWidth()" because the return value of "com.googlecode.lanterna.screen.ScreenBuffer.getCharacterAt(com.googlecode.lanterna.TerminalPosition)" is null
	at com.googlecode.lanterna.screen.TerminalScreen.refresh(TerminalScreen.java:155)
	at com.googlecode.lanterna.screen.AbstractScreen.refresh(AbstractScreen.java:179)
	at io.github.sainttheana.FrameTerminalScreen.refreshInternal(FrameTerminalScreen.java:395)
	at io.github.sainttheana.FrameTerminalScreen$1.run(FrameTerminalScreen.java:386)
	at java.base/java.lang.Thread.run(Thread.java:833)
java.lang.NullPointerException: Cannot invoke "com.googlecode.lanterna.TextCharacter.isDoubleWidth()" because the return value of "com.googlecode.lanterna.screen.ScreenBuffer.getCharacterAt(com.googlecode.lanterna.TerminalPosition)" is null
	at com.googlecode.lanterna.screen.TerminalScreen.refresh(TerminalScreen.java:155)
	at com.googlecode.lanterna.screen.AbstractScreen.refresh(AbstractScreen.java:179)
	at io.github.sainttheana.FrameTerminalScreen.refreshInternal(FrameTerminalScreen.java:395)
	at io.github.sainttheana.FrameTerminalScreen$1.run(FrameTerminalScreen.java:386)
	at java.base/java.lang.Thread.run(Thread.java:833)
java.lang.NullPointerException: Cannot invoke "com.googlecode.lanterna.TextCharacter.isDoubleWidth()" because the return value of "com.googlecode.lanterna.screen.ScreenBuffer.getCharacterAt(com.googlecode.lanterna.TerminalPosition)" is null
	at com.googlecode.lanterna.screen.TerminalScreen.refresh(TerminalScreen.java:155)
	at com.googlecode.lanterna.screen.AbstractScreen.refresh(AbstractScreen.java:179)
	at io.github.sainttheana.FrameTerminalScreen.refreshInternal(FrameTerminalScreen.java:395)
	at io.github.sainttheana.FrameTerminalScreen$1.run(FrameTerminalScreen.java:386)
	at java.base/java.lang.Thread.run(Thread.java:833)
java.lang.NullPointerException: Cannot invoke "com.googlecode.lanterna.TextCharacter.isDoubleWidth()" because the return value of "com.googlecode.lanterna.screen.ScreenBuffer.getCharacterAt(com.googlecode.lanterna.TerminalPosition)" is null
	at com.googlecode.lanterna.screen.TerminalScreen.refresh(TerminalScreen.java:155)
	at com.googlecode.lanterna.screen.AbstractScreen.refresh(AbstractScreen.java:179)
	at io.github.sainttheana.FrameTerminalScreen.refreshInternal(FrameTerminalScreen.java:395)
	at io.github.sainttheana.FrameTerminalScreen$1.run(FrameTerminalScreen.java:386)
	at java.base/java.lang.Thread.run(Thread.java:833)
java.lang.NullPointerException: Cannot invoke "com.googlecode.lanterna.TextCharacter.isDoubleWidth()" because the return value of "com.googlecode.lanterna.screen.ScreenBuffer.getCharacterAt(com.googlecode.lanterna.TerminalPosition)" is null
	at com.googlecode.lanterna.screen.TerminalScreen.refresh(TerminalScreen.java:155)
	at com.googlecode.lanterna.screen.AbstractScreen.refresh(AbstractScreen.java:179)
	at io.github.sainttheana.FrameTerminalScreen.refreshInternal(FrameTerminalScreen.java:395)
	at io.github.sainttheana.FrameTerminalScreen$1.run(FrameTerminalScreen.java:386)
	at java.base/java.lang.Thread.run(Thread.java:833)
java.lang.NullPointerException: Cannot invoke "com.googlecode.lanterna.TextCharacter.isDoubleWidth()" because the return value of "com.googlecode.lanterna.screen.ScreenBuffer.getCharacterAt(com.googlecode.lanterna.TerminalPosition)" is null
	at com.googlecode.lanterna.screen.TerminalScreen.refresh(TerminalScreen.java:155)
	at com.googlecode.lanterna.screen.AbstractScreen.refresh(AbstractScreen.java:179)
	at io.github.sainttheana.FrameTerminalScreen.refreshInternal(FrameTerminalScreen.java:395)
	at io.github.sainttheana.FrameTerminalScreen$1.run(FrameTerminalScreen.java:386)
	at java.base/java.lang.Thread.run(Thread.java:833)
java.lang.NullPointerException: Cannot invoke "com.googlecode.lanterna.TextCharacter.isDoubleWidth()" because the return value of "com.googlecode.lanterna.screen.ScreenBuffer.getCharacterAt(com.googlecode.lanterna.TerminalPosition)" is null
	at com.googlecode.lanterna.screen.TerminalScreen.refresh(TerminalScreen.java:155)
	at com.googlecode.lanterna.screen.AbstractScreen.refresh(AbstractScreen.java:179)
	at io.github.sainttheana.FrameTerminalScreen.refreshInternal(FrameTerminalScreen.java:395)
	at io.github.sainttheana.FrameTerminalScreen$1.run(FrameTerminalScreen.java:386)
	at java.base/java.lang.Thread.run(Thread.java:833)
java.lang.NullPointerException: Cannot invoke "com.googlecode.lanterna.TextCharacter.isDoubleWidth()" because the return value of "com.googlecode.lanterna.screen.ScreenBuffer.getCharacterAt(com.googlecode.lanterna.TerminalPosition)" is null
	at com.googlecode.lanterna.screen.TerminalScreen.refresh(TerminalScreen.java:155)
	at com.googlecode.lanterna.screen.AbstractScreen.refresh(AbstractScreen.java:179)
	at io.github.sainttheana.FrameTerminalScreen.refreshInternal(FrameTerminalScreen.java:395)
	at io.github.sainttheana.FrameTerminalScreen$1.run(FrameTerminalScreen.java:386)
	at java.base/java.lang.Thread.run(Thread.java:833)
